Determining if the pthread_create exist failed with the following output:
Change Dir: /home/long/ORB_AR/build/CMakeFiles/CMakeTmp

Run Build Command:/usr/bin/make "cmTryCompileExec551973178/fast"
/usr/bin/make -f CMakeFiles/cmTryCompileExec551973178.dir/build.make CMakeFiles/cmTryCompileExec551973178.dir/build
make[1]: Entering directory `/home/long/ORB_AR/build/CMakeFiles/CMakeTmp'
/usr/bin/cmake -E cmake_progress_report /home/long/ORB_AR/build/CMakeFiles/CMakeTmp/CMakeFiles 1
Building C object CMakeFiles/cmTryCompileExec551973178.dir/CheckSymbolExists.c.o
/usr/bin/cc    -o CMakeFiles/cmTryCompileExec551973178.dir/CheckSymbolExists.c.o   -c /home/long/ORB_AR/build/CMakeFiles/CMakeTmp/CheckSymbolExists.c
Linking C executable cmTryCompileExec551973178
/usr/bin/cmake -E cmake_link_script CMakeFiles/cmTryCompileExec551973178.dir/link.txt --verbose=1
/usr/bin/cc       CMakeFiles/cmTryCompileExec551973178.dir/CheckSymbolExists.c.o  -o cmTryCompileExec551973178 -rdynamic 
CMakeFiles/cmTryCompileExec551973178.dir/CheckSymbolExists.c.o: In function `main':
CheckSymbolExists.c:(.text+0x16): undefined reference to `pthread_create'
collect2: error: ld returned 1 exit status
make[1]: *** [cmTryCompileExec551973178] Error 1
make[1]: Leaving directory `/home/long/ORB_AR/build/CMakeFiles/CMakeTmp'
make: *** [cmTryCompileExec551973178/fast] Error 2

File /home/long/ORB_AR/build/CMakeFiles/CMakeTmp/CheckSymbolExists.c:
/* */
#include <pthread.h>

int main(int argc, char** argv)
{
  (void)argv;
#ifndef pthread_create
  return ((int*)(&pthread_create))[argc];
#else
  (void)argc;
  return 0;
#endif
}

Determining if the function pthread_create exists in the pthreads failed with the following output:
Change Dir: /home/long/ORB_AR/build/CMakeFiles/CMakeTmp

Run Build Command:/usr/bin/make "cmTryCompileExec1953556088/fast"
/usr/bin/make -f CMakeFiles/cmTryCompileExec1953556088.dir/build.make CMakeFiles/cmTryCompileExec1953556088.dir/build
make[1]: Entering directory `/home/long/ORB_AR/build/CMakeFiles/CMakeTmp'
/usr/bin/cmake -E cmake_progress_report /home/long/ORB_AR/build/CMakeFiles/CMakeTmp/CMakeFiles 1
Building C object CMakeFiles/cmTryCompileExec1953556088.dir/CheckFunctionExists.c.o
/usr/bin/cc   -DCHECK_FUNCTION_EXISTS=pthread_create   -o CMakeFiles/cmTryCompileExec1953556088.dir/CheckFunctionExists.c.o   -c /usr/share/cmake-2.8/Modules/CheckFunctionExists.c
Linking C executable cmTryCompileExec1953556088
/usr/bin/cmake -E cmake_link_script CMakeFiles/cmTryCompileExec1953556088.dir/link.txt --verbose=1
/usr/bin/cc   -DCHECK_FUNCTION_EXISTS=pthread_create    CMakeFiles/cmTryCompileExec1953556088.dir/CheckFunctionExists.c.o  -o cmTryCompileExec1953556088 -rdynamic -lpthreads 
/usr/bin/ld: cannot find -lpthreads
collect2: error: ld returned 1 exit status
make[1]: *** [cmTryCompileExec1953556088] Error 1
make[1]: Leaving directory `/home/long/ORB_AR/build/CMakeFiles/CMakeTmp'
make: *** [cmTryCompileExec1953556088/fast] Error 2


